{
  "RSpec": {
    "coverage": {
      "/home/ubuntu/workspace/Selt_Final_Project_team14/cartographme/app/helpers/application_helper.rb": [
        1,
        null
      ],
      "/home/ubuntu/workspace/Selt_Final_Project_team14/cartographme/app/helpers/home_helper.rb": [
        1,
        null
      ],
      "/home/ubuntu/workspace/Selt_Final_Project_team14/cartographme/app/helpers/key_location_helper.rb": [
        1,
        null
      ],
      "/home/ubuntu/workspace/Selt_Final_Project_team14/cartographme/app/helpers/sessions_helper.rb": [
        1,
        null
      ],
      "/home/ubuntu/workspace/Selt_Final_Project_team14/cartographme/app/helpers/users_helper.rb": [
        1,
        null,
        null,
        1,
        null,
        0,
        null,
        0,
        0,
        null,
        null
      ],
      "/home/ubuntu/workspace/Selt_Final_Project_team14/cartographme/app/models/key_location.rb": [
        0,
        0,
        0,
        0,
        0,
        0,
        0,
        0,
        0,
        0,
        0,
        0,
        0,
        0,
        0,
        0
      ],
      "/home/ubuntu/workspace/Selt_Final_Project_team14/cartographme/app/models/relationship.rb": [
        0,
        0,
        0,
        0,
        0,
        0
      ],
      "/home/ubuntu/workspace/Selt_Final_Project_team14/cartographme/app/models/user.rb": [
        0,
        0,
        0,
        0,
        0,
        0,
        0,
        0,
        0,
        0,
        0,
        0,
        0,
        0,
        0,
        0,
        0,
        0,
        0,
        0,
        0,
        0,
        0,
        0,
        0,
        0,
        0,
        0,
        0,
        0,
        0,
        0,
        0,
        0,
        0,
        0,
        0,
        0,
        0,
        0,
        0,
        0,
        0,
        0,
        0,
        0,
        0,
        0,
        0,
        0,
        0,
        0,
        0,
        0,
        0,
        0,
        0,
        0,
        0,
        0,
        0,
        0,
        0,
        0
      ],
      "/home/ubuntu/workspace/Selt_Final_Project_team14/cartographme/app/controllers/sessions_controller.rb": [
        0,
        0,
        0,
        0,
        0,
        0,
        0,
        0,
        0,
        0,
        0,
        0,
        0,
        0,
        0,
        0,
        0,
        0,
        0,
        0,
        0,
        0,
        0,
        0,
        0,
        0,
        0,
        0,
        0,
        0,
        0,
        0,
        0,
        0,
        0,
        0,
        0,
        0,
        0,
        0,
        0,
        0,
        0,
        0,
        0,
        0,
        0,
        0,
        0,
        0,
        0,
        0,
        0,
        0
      ],
      "/home/ubuntu/workspace/Selt_Final_Project_team14/cartographme/app/controllers/key_location_controller.rb": [
        0,
        0,
        0,
        0,
        0,
        0,
        0
      ],
      "/home/ubuntu/workspace/Selt_Final_Project_team14/cartographme/app/controllers/home_controller.rb": [
        0,
        0,
        0,
        0,
        0,
        0,
        0,
        0,
        0,
        0,
        0,
        0,
        0,
        0,
        0,
        0,
        0,
        0,
        0,
        0,
        0,
        0,
        0,
        0,
        0,
        0
      ],
      "/home/ubuntu/workspace/Selt_Final_Project_team14/cartographme/app/controllers/application_controller.rb": [
        0,
        0,
        0,
        0,
        0,
        0,
        0,
        0,
        0,
        0,
        0,
        0,
        0,
        0,
        0,
        0,
        0,
        0,
        0,
        0,
        0
      ],
      "/home/ubuntu/workspace/Selt_Final_Project_team14/cartographme/app/controllers/users_controller.rb": [
        0,
        0,
        0,
        0,
        0,
        0,
        0,
        0,
        0,
        0,
        0,
        0,
        0,
        0,
        0,
        0,
        0,
        0,
        0,
        0,
        0,
        0,
        0,
        0,
        0,
        0,
        0,
        0,
        0,
        0,
        0,
        0,
        0,
        0,
        0,
        0,
        0,
        0,
        0,
        0,
        0,
        0,
        0,
        0,
        0,
        0,
        0,
        0,
        0,
        0,
        0,
        0,
        0,
        0,
        0,
        0,
        0,
        0,
        0,
        0,
        0,
        0,
        0,
        0,
        0,
        0,
        0,
        0,
        0,
        0,
        0,
        0,
        0,
        0,
        0,
        0,
        0,
        0,
        0
      ]
    },
    "timestamp": 1479063267
  }
}
